0 info it worked if it ends with ok
1 verbose cli [ '/home/robert/.nvm/versions/node/v7.6.0/bin/node',
1 verbose cli   '/home/robert/.nvm/versions/node/v7.6.0/bin/npm',
1 verbose cli   'publish' ]
2 info using npm@4.1.2
3 info using node@v7.6.0
4 verbose publish [ '.' ]
5 verbose stack Error: Failed to parse json
5 verbose stack Trailing comma in array at 17:3
5 verbose stack   ],
5 verbose stack   ^
5 verbose stack     at parseError (/home/robert/.nvm/versions/node/v7.6.0/lib/node_modules/npm/node_modules/read-package-json/read-json.js:390:11)
5 verbose stack     at parseJson (/home/robert/.nvm/versions/node/v7.6.0/lib/node_modules/npm/node_modules/read-package-json/read-json.js:79:23)
5 verbose stack     at /home/robert/.nvm/versions/node/v7.6.0/lib/node_modules/npm/node_modules/read-package-json/read-json.js:48:5
5 verbose stack     at /home/robert/.nvm/versions/node/v7.6.0/lib/node_modules/npm/node_modules/graceful-fs/graceful-fs.js:78:16
5 verbose stack     at tryToString (fs.js:447:3)
5 verbose stack     at FSReqWrap.readFileAfterClose [as oncomplete] (fs.js:434:12)
6 verbose cwd /home/robert/_dev/cool-cool-object-pool
7 error Linux 4.18.0-22-generic
8 error argv "/home/robert/.nvm/versions/node/v7.6.0/bin/node" "/home/robert/.nvm/versions/node/v7.6.0/bin/npm" "publish"
9 error node v7.6.0
10 error npm  v4.1.2
11 error file /home/robert/_dev/cool-cool-object-pool/package.json
12 error code EJSONPARSE
13 error Failed to parse json
13 error Trailing comma in array at 17:3
13 error   ],
13 error   ^
14 error File: /home/robert/_dev/cool-cool-object-pool/package.json
15 error Failed to parse package.json data.
15 error package.json must be actual JSON, not just JavaScript.
15 error
15 error This is not a bug in npm.
15 error Tell the package author to fix their package.json file. JSON.parse
16 verbose exit [ 1, true ]
